<html>
<head>
<title>TestNG:  fuyoujiankang</title>
<link href="../testng.css" rel="stylesheet" type="text/css" />
<link href="../my-testng.css" rel="stylesheet" type="text/css" />

<style type="text/css">
.log { display: none;} 
.stack-trace { display: none;} 
</style>
<script type="text/javascript">
<!--
function flip(e) {
  current = e.style.display;
  if (current == 'block') {
    e.style.display = 'none';
    return 0;
  }
  else {
    e.style.display = 'block';
    return 1;
  }
}

function toggleBox(szDivId, elem, msg1, msg2)
{
  var res = -1;  if (document.getElementById) {
    res = flip(document.getElementById(szDivId));
  }
  else if (document.all) {
    // this is the way old msie versions work
    res = flip(document.all[szDivId]);
  }
  if(elem) {
    if(res == 0) elem.innerHTML = msg1; else elem.innerHTML = msg2;
  }

}

function toggleAllBoxes() {
  if (document.getElementsByTagName) {
    d = document.getElementsByTagName('div');
    for (i = 0; i < d.length; i++) {
      if (d[i].className == 'log') {
        flip(d[i]);
      }
    }
  }
}

// -->
</script>

</head>
<body>
<h2 align='center'>fuyoujiankang</h2><table border='1' align="center">
<tr>
<td>Tests passed/Failed/Skipped:</td><td>0/1/1</td>
</tr><tr>
<td>Started on:</td><td>Thu Nov 30 14:17:11 CST 2017</td>
</tr>
<tr><td>Total time:</td><td>19 seconds (19779 ms)</td>
</tr><tr>
<td>Included groups:</td><td></td>
</tr><tr>
<td>Excluded groups:</td><td></td>
</tr>
</table><p/>
<small><i>(Hover the method name to see the test class name)</i></small><p/>
<table width='100%' border='1' class='invocation-failed'>
<tr><td colspan='4' align='center'><b>FAILED TESTS</b></td></tr>
<tr><td><b>Test method</b></td>
<td width="30%"><b>Exception</b></td>
<td width="10%"><b>Time (seconds)</b></td>
<td><b>Instance</b></td>
</tr>
<tr>
<td title='com.fuyoujiankang.test.testcases.serviceManagement.ComboPage_002_AddSuccessFunction_Test.addSuccessFunction()'><b>addSuccessFunction</b><br>Test class: com.fuyoujiankang.test.testcases.serviceManagement.ComboPage_002_AddSuccessFunction_Test<br>Parameters: {NUM=100, CONFIGURATION=生活中，很多人无法克制自己的负面情绪，不仅让同事朋友感觉难以相处，也让家人不知所措，甚至深受伤害。

其实，在很大程度上，这并不是他们自己的错，很可能是因为饮食中存在某些缺陷和不足。用饮食调节情绪，也是科学的饮食之道。

全身负能量，因为缺了钙和镁, SHARECONTENT=分享内容：麻雀虽小五脏俱全, SUBTITLE=我是套餐副标题, SMALLIMAGE=C:\\Users\\admin\\Desktop\\image\\300X300.png, COMBOPRICE=1, PASSWORD=666, BUYNOTES=我是购买须知我是购买须知我是购买须知, LISTIMAGE=C:\\Users\\admin\\Desktop\\image\\400X300.png, USERNAME=18817715180, TITLE=我是套餐, BANNERIMAGE=C:\\Users\\admin\\Desktop\\image\\1080px576px.jpg, REMARK=我是备注我是备注我是备注}<br/>
<a href="#Output-1878413714" onClick='toggleBox("Output-1878413714", this, "Show output", "Hide output");'>Show output</a>

<a href="#Output-1878413714" onClick="toggleAllBoxes();">Show all outputs</a>
<div class='log' id="Output-1878413714">
result/screenshot/2017_11_30_14_17_30_addSuccessFunction.jpg<br/>
<img src="../../result/screenshot/2017_11_30_14_17_30_addSuccessFunction.jpg"/><br/>
result/screenshot/2017_11_30_14_17_31_addSuccessFunction.jpg<br/>
<img src="../../result/screenshot/2017_11_30_14_17_31_addSuccessFunction.jpg"/><br/>
</div>
</td>
<td><div><pre>java.lang.AssertionError: 输入 [18817715180] 到 元素[By.id: username]失败
	at com.fuyoujiankang.test.utils.SeleniumUtil.type(SeleniumUtil.java:168)
	at com.fuyoujiankang.test.pageshelper.LoginPageHelper.typeHospitalLoginInfo(LoginPageHelper.java:26)
	at com.fuyoujiankang.test.testcases.serviceManagement.ComboPage_002_AddSuccessFunction_Test.addSuccessFunction(ComboPage_002_AddSuccessFunction_Test.java:24)
... Removed 25 stack frames</pre></div><a href='#' onClick='toggleBox("stack-trace1878413714", this, "Click to show all stack frames", "Click to hide stack frames")'>Click to show all stack frames</a>
<div class='stack-trace' id='stack-trace1878413714'><pre>java.lang.AssertionError: 输入 [18817715180] 到 元素[By.id: username]失败
	at org.testng.Assert.fail(Assert.java:94)
	at com.fuyoujiankang.test.utils.SeleniumUtil.type(SeleniumUtil.java:168)
	at com.fuyoujiankang.test.pageshelper.LoginPageHelper.typeHospitalLoginInfo(LoginPageHelper.java:26)
	at com.fuyoujiankang.test.testcases.serviceManagement.ComboPage_002_AddSuccessFunction_Test.addSuccessFunction(ComboPage_002_AddSuccessFunction_Test.java:24)
	at sun.reflect.NativeMethodAccessorImpl.invoke0(Native Method)
	at sun.reflect.NativeMethodAccessorImpl.invoke(Unknown Source)
	at sun.reflect.DelegatingMethodAccessorImpl.invoke(Unknown Source)
	at java.lang.reflect.Method.invoke(Unknown Source)
	at org.testng.internal.MethodInvocationHelper.invokeMethod(MethodInvocationHelper.java:86)
	at org.testng.internal.Invoker.invokeMethod(Invoker.java:643)
	at org.testng.internal.Invoker.retryFailed(Invoker.java:967)
	at org.testng.internal.Invoker.invokeTestMethods(Invoker.java:1146)
	at org.testng.internal.TestMethodWorker.invokeTestMethods(TestMethodWorker.java:129)
	at org.testng.internal.TestMethodWorker.run(TestMethodWorker.java:112)
	at org.testng.TestRunner.privateRun(TestRunner.java:782)
	at org.testng.TestRunner.run(TestRunner.java:632)
	at org.testng.SuiteRunner.runTest(SuiteRunner.java:366)
	at org.testng.SuiteRunner.runSequentially(SuiteRunner.java:361)
	at org.testng.SuiteRunner.privateRun(SuiteRunner.java:319)
	at org.testng.SuiteRunner.run(SuiteRunner.java:268)
	at org.testng.SuiteRunnerWorker.runSuite(SuiteRunnerWorker.java:52)
	at org.testng.SuiteRunnerWorker.run(SuiteRunnerWorker.java:86)
	at org.testng.TestNG.runSuitesSequentially(TestNG.java:1244)
	at org.testng.TestNG.runSuitesLocally(TestNG.java:1169)
	at org.testng.TestNG.run(TestNG.java:1064)
	at org.testng.remote.AbstractRemoteTestNG.run(AbstractRemoteTestNG.java:114)
	at org.testng.remote.RemoteTestNG.initAndRun(RemoteTestNG.java:251)
	at org.testng.remote.RemoteTestNG.main(RemoteTestNG.java:77)
</pre></div></td>
<td>0</td>
<td>com.fuyoujiankang.test.testcases.serviceManagement.ComboPage_002_AddSuccessFunction_Test@53f65459</td></tr>
</table><p>
<table width='100%' border='1' class='invocation-skipped'>
<tr><td colspan='4' align='center'><b>SKIPPED TESTS</b></td></tr>
<tr><td><b>Test method</b></td>
<td width="30%"><b>Exception</b></td>
<td width="10%"><b>Time (seconds)</b></td>
<td><b>Instance</b></td>
</tr>
<tr>
<td title='com.fuyoujiankang.test.testcases.serviceManagement.ComboPage_002_AddSuccessFunction_Test.addSuccessFunction()'><b>addSuccessFunction</b><br>Test class: com.fuyoujiankang.test.testcases.serviceManagement.ComboPage_002_AddSuccessFunction_Test<br>Parameters: {NUM=100, CONFIGURATION=生活中，很多人无法克制自己的负面情绪，不仅让同事朋友感觉难以相处，也让家人不知所措，甚至深受伤害。

其实，在很大程度上，这并不是他们自己的错，很可能是因为饮食中存在某些缺陷和不足。用饮食调节情绪，也是科学的饮食之道。

全身负能量，因为缺了钙和镁, SHARECONTENT=分享内容：麻雀虽小五脏俱全, SUBTITLE=我是套餐副标题, SMALLIMAGE=C:\\Users\\admin\\Desktop\\image\\300X300.png, COMBOPRICE=1, PASSWORD=666, BUYNOTES=我是购买须知我是购买须知我是购买须知, LISTIMAGE=C:\\Users\\admin\\Desktop\\image\\400X300.png, USERNAME=18817715180, TITLE=我是套餐, BANNERIMAGE=C:\\Users\\admin\\Desktop\\image\\1080px576px.jpg, REMARK=我是备注我是备注我是备注}<br/>
<a href="#Output-527211736" onClick='toggleBox("Output-527211736", this, "Show output", "Hide output");'>Show output</a>

<a href="#Output-527211736" onClick="toggleAllBoxes();">Show all outputs</a>
<div class='log' id="Output-527211736">
RunCount=2<br/>
result/screenshot/2017_11_30_14_17_29_addSuccessFunction.jpg<br/>
<img src="../../result/screenshot/2017_11_30_14_17_29_addSuccessFunction.jpg"/><br/>
result/screenshot/2017_11_30_14_17_30_addSuccessFunction.jpg<br/>
<img src="../../result/screenshot/2017_11_30_14_17_30_addSuccessFunction.jpg"/><br/>
</div>
</td>
<td><div><pre>java.lang.AssertionError: 输入 [18817715180] 到 元素[By.id: username]失败
	at com.fuyoujiankang.test.utils.SeleniumUtil.type(SeleniumUtil.java:168)
	at com.fuyoujiankang.test.pageshelper.LoginPageHelper.typeHospitalLoginInfo(LoginPageHelper.java:26)
	at com.fuyoujiankang.test.testcases.serviceManagement.ComboPage_002_AddSuccessFunction_Test.addSuccessFunction(ComboPage_002_AddSuccessFunction_Test.java:24)
... Removed 25 stack frames</pre></div><a href='#' onClick='toggleBox("stack-trace527211736", this, "Click to show all stack frames", "Click to hide stack frames")'>Click to show all stack frames</a>
<div class='stack-trace' id='stack-trace527211736'><pre>java.lang.AssertionError: 输入 [18817715180] 到 元素[By.id: username]失败
	at org.testng.Assert.fail(Assert.java:94)
	at com.fuyoujiankang.test.utils.SeleniumUtil.type(SeleniumUtil.java:168)
	at com.fuyoujiankang.test.pageshelper.LoginPageHelper.typeHospitalLoginInfo(LoginPageHelper.java:26)
	at com.fuyoujiankang.test.testcases.serviceManagement.ComboPage_002_AddSuccessFunction_Test.addSuccessFunction(ComboPage_002_AddSuccessFunction_Test.java:24)
	at sun.reflect.NativeMethodAccessorImpl.invoke0(Native Method)
	at sun.reflect.NativeMethodAccessorImpl.invoke(Unknown Source)
	at sun.reflect.DelegatingMethodAccessorImpl.invoke(Unknown Source)
	at java.lang.reflect.Method.invoke(Unknown Source)
	at org.testng.internal.MethodInvocationHelper.invokeMethod(MethodInvocationHelper.java:86)
	at org.testng.internal.Invoker.invokeMethod(Invoker.java:643)
	at org.testng.internal.Invoker.invokeTestMethod(Invoker.java:820)
	at org.testng.internal.Invoker.invokeTestMethods(Invoker.java:1128)
	at org.testng.internal.TestMethodWorker.invokeTestMethods(TestMethodWorker.java:129)
	at org.testng.internal.TestMethodWorker.run(TestMethodWorker.java:112)
	at org.testng.TestRunner.privateRun(TestRunner.java:782)
	at org.testng.TestRunner.run(TestRunner.java:632)
	at org.testng.SuiteRunner.runTest(SuiteRunner.java:366)
	at org.testng.SuiteRunner.runSequentially(SuiteRunner.java:361)
	at org.testng.SuiteRunner.privateRun(SuiteRunner.java:319)
	at org.testng.SuiteRunner.run(SuiteRunner.java:268)
	at org.testng.SuiteRunnerWorker.runSuite(SuiteRunnerWorker.java:52)
	at org.testng.SuiteRunnerWorker.run(SuiteRunnerWorker.java:86)
	at org.testng.TestNG.runSuitesSequentially(TestNG.java:1244)
	at org.testng.TestNG.runSuitesLocally(TestNG.java:1169)
	at org.testng.TestNG.run(TestNG.java:1064)
	at org.testng.remote.AbstractRemoteTestNG.run(AbstractRemoteTestNG.java:114)
	at org.testng.remote.RemoteTestNG.initAndRun(RemoteTestNG.java:251)
	at org.testng.remote.RemoteTestNG.main(RemoteTestNG.java:77)
</pre></div></td>
<td>0</td>
<td>com.fuyoujiankang.test.testcases.serviceManagement.ComboPage_002_AddSuccessFunction_Test@53f65459</td></tr>
</table><p>
</body>
</html>